Base path: 'C:/Program Files/Unity/Hub/Editor/2019.2.3f1/Editor/Data', plugins path 'C:/Program Files/Unity/Hub/Editor/2019.2.3f1/Editor/Data/PlaybackEngines'
Cmd: initializeCompiler
Cmd: compileComputeKernel
  api=4 insize=7960 outsize=1553 ok=1
Cmd: compileComputeKernel
  api=4 insize=9919 outsize=1879 ok=1
Cmd: compileComputeKernel
  api=4 insize=9919 outsize=1913 ok=1
Cmd: compileComputeKernel
  api=4 insize=9919 outsize=2058 ok=1
Cmd: compileComputeKernel
  api=4 insize=24335 outsize=4144 ok=1
Cmd: compileComputeKernel
  api=4 insize=7335 outsize=1799 ok=1
Cmd: compileComputeKernel
  api=4 insize=44336 outsize=2072 ok=1
Cmd: compileComputeKernel
  api=4 insize=44336 outsize=1662 ok=1
Cmd: compileComputeKernel
  api=4 insize=44336 outsize=1626 ok=1
Cmd: compileComputeKernel
  api=4 insize=44336 outsize=1354 ok=1
Cmd: compileComputeKernel
  api=4 insize=44336 outsize=1279 ok=1
Cmd: compileComputeKernel
  api=4 insize=44336 outsize=1879 ok=1
Cmd: compileComputeKernel
  api=4 insize=44336 outsize=1321 ok=1
Cmd: compileComputeKernel
  api=4 insize=44336 outsize=2011 ok=1
Cmd: compileComputeKernel
  api=4 insize=29386 outsize=777 ok=1
Cmd: compileComputeKernel
  api=4 insize=29386 outsize=1069 ok=1
Cmd: compileComputeKernel
  api=4 insize=29386 outsize=773 ok=1
Cmd: compileComputeKernel
  api=4 insize=29386 outsize=749 ok=1
Cmd: compileComputeKernel
  api=4 insize=29386 outsize=677 ok=1
Cmd: compileComputeKernel
  api=4 insize=29386 outsize=831 ok=1
Cmd: compileComputeKernel
  api=4 insize=29386 outsize=1287 ok=1
Cmd: compileComputeKernel
  api=4 insize=29386 outsize=1479 ok=1
Cmd: compileComputeKernel
  api=4 insize=29386 outsize=1341 ok=1
Cmd: compileComputeKernel
  api=4 insize=29386 outsize=1397 ok=1
Cmd: compileComputeKernel
  api=4 insize=29386 outsize=1283 ok=1
Cmd: compileComputeKernel
  api=4 insize=29386 outsize=1626 ok=1
Cmd: compileSnippet
  api=4 type=1 insize=143247 outsize=3806 kw=UNITY_PASS_FORWARDBASE DIRECTIONAL SHADOWS_SCREEN LIGHTPROBE_SH pd=UNITY_ENABLE_REFLECTION_BUFFERS UNITY_USE_DITHER_MASK_FOR_ALPHABLENDED_SHADOWS UNITY_PBS_USE_BRDF1 UNITY_SPECCUBE_BOX_PROJECTION UNITY_SPECCUBE_BLENDING UNITY_ENABLE_DETAIL_NORMALMAP SHADER_API_DESKTOP UNITY_COLORSPACE_GAMMA UNITY_LIGHT_PROBE_PROXY_VOLUME UNITY_LIGHTMAP_FULL_HDR ok=1
